# JRE version: Java(TM) SE Runtime Environment (8.0_111-b14) (build 1.8.0_111-b14)
# Java VM: Java HotSpot(TM) Client VM (25.111-b14 mixed mode windows-x86 )
Heap:
 def new generation   total 4928K, used 852K [0x03800000, 0x03d50000, 0x08d50000)
  eden space 4416K,  11% used [0x03800000, 0x038814d0, 0x03c50000)
  from space 512K,  65% used [0x03cd0000, 0x03d23cc8, 0x03d50000)
  to   space 512K,   0% used [0x03c50000, 0x03c50000, 0x03cd0000)
 tenured generation   total 10944K, used 4303K [0x08d50000, 0x09800000, 0x13800000)
   the space 10944K,  39% used [0x08d50000, 0x09183c60, 0x09183e00, 0x09800000)
 Metaspace       used 9016K, capacity 9244K, committed 9344K, reserved 9600K
GC Heap History (10 events):
Event: 3.462 GC heap before
{Heap before GC invocations=0 (full 0):
 def new generation   total 4928K, used 4416K [0x03800000, 0x03d50000, 0x08d50000)
  eden space 4416K, 100% used [0x03800000, 0x03c50000, 0x03c50000)
  from space 512K,   0% used [0x03c50000, 0x03c50000, 0x03cd0000)
  to   space 512K,   0% used [0x03cd0000, 0x03cd0000, 0x03d50000)
 tenured generation   total 10944K, used 0K [0x08d50000, 0x09800000, 0x13800000)
   the space 10944K,   0% used [0x08d50000, 0x08d50000, 0x08d50200, 0x09800000)
 Metaspace       used 5484K, capacity 5677K, committed 5760K, reserved 6528K
Event: 3.482 GC heap after
Heap after GC invocations=1 (full 0):
 def new generation   total 4928K, used 512K [0x03800000, 0x03d50000, 0x08d50000)
  eden space 4416K,   0% used [0x03800000, 0x03800000, 0x03c50000)
  from space 512K, 100% used [0x03cd0000, 0x03d50000, 0x03d50000)
  to   space 512K,   0% used [0x03c50000, 0x03c50000, 0x03cd0000)
 tenured generation   total 10944K, used 867K [0x08d50000, 0x09800000, 0x13800000)
   the space 10944K,   7% used [0x08d50000, 0x08e28d20, 0x08e28e00, 0x09800000)
 Metaspace       used 5484K, capacity 5677K, committed 5760K, reserved 6528K
}
Event: 5.638 GC heap before
{Heap before GC invocations=1 (full 0):
 def new generation   total 4928K, used 4349K [0x03800000, 0x03d50000, 0x08d50000)
  eden space 4416K,  86% used [0x03800000, 0x03bbf698, 0x03c50000)
  from space 512K, 100% used [0x03cd0000, 0x03d50000, 0x03d50000)
  to   space 512K,   0% used [0x03c50000, 0x03c50000, 0x03cd0000)
 tenured generation   total 10944K, used 867K [0x08d50000, 0x09800000, 0x13800000)
   the space 10944K,   7% used [0x08d50000, 0x08e28d20, 0x08e28e00, 0x09800000)
 Metaspace       used 8638K, capacity 8860K, committed 8960K, reserved 9600K
Event: 5.675 GC heap after
Heap after GC invocations=2 (full 0):
 def new generation   total 4928K, used 512K [0x03800000, 0x03d50000, 0x08d50000)
  eden space 4416K,   0% used [0x03800000, 0x03800000, 0x03c50000)
  from space 512K, 100% used [0x03c50000, 0x03cd0000, 0x03cd0000)
  to   space 512K,   0% used [0x03cd0000, 0x03cd0000, 0x03d50000)
 tenured generation   total 10944K, used 2039K [0x08d50000, 0x09800000, 0x13800000)
   the space 10944K,  18% used [0x08d50000, 0x08f4de20, 0x08f4e000, 0x09800000)
 Metaspace       used 8638K, capacity 8860K, committed 8960K, reserved 9600K
}
Event: 9.945 GC heap before
{Heap before GC invocations=2 (full 0):
 def new generation   total 4928K, used 4928K [0x03800000, 0x03d50000, 0x08d50000)
  eden space 4416K, 100% used [0x03800000, 0x03c50000, 0x03c50000)
  from space 512K, 100% used [0x03c50000, 0x03cd0000, 0x03cd0000)
  to   space 512K,   0% used [0x03cd0000, 0x03cd0000, 0x03d50000)
 tenured generation   total 10944K, used 2039K [0x08d50000, 0x09800000, 0x13800000)
   the space 10944K,  18% used [0x08d50000, 0x08f4de20, 0x08f4e000, 0x09800000)
 Metaspace       used 8934K, capacity 9148K, committed 9216K, reserved 9600K
Event: 9.970 GC heap after
Heap after GC invocations=3 (full 0):
 def new generation   total 4928K, used 443K [0x03800000, 0x03d50000, 0x08d50000)
  eden space 4416K,   0% used [0x03800000, 0x03800000, 0x03c50000)
  from space 512K,  86% used [0x03cd0000, 0x03d3ec98, 0x03d50000)
  to   space 512K,   0% used [0x03c50000, 0x03c50000, 0x03cd0000)
 tenured generation   total 10944K, used 3180K [0x08d50000, 0x09800000, 0x13800000)
   the space 10944K,  29% used [0x08d50000, 0x0906b228, 0x0906b400, 0x09800000)
 Metaspace       used 8934K, capacity 9148K, committed 9216K, reserved 9600K
}
Event: 11.739 GC heap before
{Heap before GC invocations=3 (full 0):
 def new generation   total 4928K, used 4859K [0x03800000, 0x03d50000, 0x08d50000)
  eden space 4416K, 100% used [0x03800000, 0x03c50000, 0x03c50000)
  from space 512K,  86% used [0x03cd0000, 0x03d3ec98, 0x03d50000)
  to   space 512K,   0% used [0x03c50000, 0x03c50000, 0x03cd0000)
 tenured generation   total 10944K, used 3180K [0x08d50000, 0x09800000, 0x13800000)
   the space 10944K,  29% used [0x08d50000, 0x0906b228, 0x0906b400, 0x09800000)
 Metaspace       used 8939K, capacity 9180K, committed 9344K, reserved 9600K
Event: 11.755 GC heap after
Heap after GC invocations=4 (full 0):
 def new generation   total 4928K, used 512K [0x03800000, 0x03d50000, 0x08d50000)
  eden space 4416K,   0% used [0x03800000, 0x03800000, 0x03c50000)
  from space 512K, 100% used [0x03c50000, 0x03cd0000, 0x03cd0000)
  to   space 512K,   0% used [0x03cd0000, 0x03cd0000, 0x03d50000)
 tenured generation   total 10944K, used 3803K [0x08d50000, 0x09800000, 0x13800000)
   the space 10944K,  34% used [0x08d50000, 0x09106df8, 0x09106e00, 0x09800000)
 Metaspace       used 8939K, capacity 9180K, committed 9344K, reserved 9600K
}
Event: 12.259 GC heap before
{Heap before GC invocations=4 (full 0):
 def new generation   total 4928K, used 4928K [0x03800000, 0x03d50000, 0x08d50000)
  eden space 4416K, 100% used [0x03800000, 0x03c50000, 0x03c50000)
  from space 512K, 100% used [0x03c50000, 0x03cd0000, 0x03cd0000)
  to   space 512K,   0% used [0x03cd0000, 0x03cd0000, 0x03d50000)
 tenured generation   total 10944K, used 3803K [0x08d50000, 0x09800000, 0x13800000)
   the space 10944K,  34% used [0x08d50000, 0x09106df8, 0x09106e00, 0x09800000)
 Metaspace       used 8952K, capacity 9180K, committed 9344K, reserved 9600K
Event: 12.269 GC heap after
Heap after GC invocations=5 (full 0):
 def new generation   total 4928K, used 335K [0x03800000, 0x03d50000, 0x08d50000)
  eden space 4416K,   0% used [0x03800000, 0x03800000, 0x03c50000)
  from space 512K,  65% used [0x03cd0000, 0x03d23cc8, 0x03d50000)
  to   space 512K,   0% used [0x03c50000, 0x03c50000, 0x03cd0000)
 tenured generation   total 10944K, used 4303K [0x08d50000, 0x09800000, 0x13800000)
   the space 10944K,  39% used [0x08d50000, 0x09183c60, 0x09183e00, 0x09800000)
 Metaspace       used 8952K, capacity 9180K, committed 9344K, reserved 9600K
}

